#-----------------------------------------------------------
# Vivado v2016.4 (64-bit)
# SW Build 1756540 on Mon Jan 23 19:11:23 MST 2017
# IP Build 1755317 on Mon Jan 23 20:30:07 MST 2017
# Start of session at: Tue Jul 28 21:49:22 2020
# Process ID: 11444
# Current directory: C:/Users/Sonny/Desktop/projects/rtl-project-2020/src
# Command line: vivado.exe -gui_launcher_event rodinguilauncherevent12248 C:\Users\Sonny\Desktop\projects\rtl-project-2020\src\rtl-project.xpr
# Log file: C:/Users/Sonny/Desktop/projects/rtl-project-2020/src/vivado.log
# Journal file: C:/Users/Sonny/Desktop/projects/rtl-project-2020/src\vivado.jou
#-----------------------------------------------------------
start_gui
open_project C:/Users/Sonny/Desktop/projects/rtl-project-2020/src/rtl-project.xpr
Scanning sources...
Finished scanning sources
INFO: [IP_Flow 19-234] Refreshing IP repositories
INFO: [IP_Flow 19-1704] No user IP repositories specified
INFO: [IP_Flow 19-2313] Loaded Vivado IP repository 'C:/Xilinx/Vivado/2016.4/data/ip'.
open_project: Time (s): cpu = 00:00:10 ; elapsed = 00:00:08 . Memory (MB): peak = 722.285 ; gain = 71.863
exit
